================================================== 
[COLLECT] [2026/02/08  1:40:01.46] START 
[COLLECT] ok: C:\Users\Administrator\AppData\Roaming\MetaQuotes\Terminal\ED051E4A9BEE8A33BDDD0F947358B2B2\logs\*.log - (OPS_) 
[COLLECT] ok: C:\Users\Administrator\AppData\Roaming\MetaQuotes\Terminal\ED051E4A9BEE8A33BDDD0F947358B2B2\MQL5\Logs\*.log - (EA_) 
[COLLECT] ok: C:\Users\Administrator\Desktop\XG_Results_ToSend\*.html - (RSLT_) 
[COLLECT] ok: C:\Users\Administrator\Desktop\XG_Results_ToSend\*.htm - (RSLT_) 
[COLLECT] ok: C:\Users\Administrator\Desktop\XG_Results_ToSend\*.png - (RSLT_) 
[COLLECT] ok: C:\Users\Administrator\Desktop\XG_Results_ToSend\*.jpg - (RSLT_) 
[COLLECT] ok: C:\Users\Administrator\Desktop\XG_Results_ToSend\*.jpeg - (RSLT_) 
[COLLECT] [2026/02/08  1:40:08.92] END 
================================================== 
[COLLECT] [2026/02/08  2:45:15.70] START 
[COLLECT] ok: C:\Users\Administrator\AppData\Roaming\MetaQuotes\Terminal\ED051E4A9BEE8A33BDDD0F947358B2B2\logs\*.log - (OPS_) 
[COLLECT] ok: C:\Users\Administrator\AppData\Roaming\MetaQuotes\Terminal\ED051E4A9BEE8A33BDDD0F947358B2B2\MQL5\Logs\*.log - (EA_) 
[COLLECT] ok: C:\Users\Administrator\Desktop\XG_Results_ToSend\*.html - (RSLT_) 
[COLLECT] ok: C:\Users\Administrator\Desktop\XG_Results_ToSend\*.htm - (RSLT_) 
[COLLECT] ok: C:\Users\Administrator\Desktop\XG_Results_ToSend\*.png - (RSLT_) 
[COLLECT] ok: C:\Users\Administrator\Desktop\XG_Results_ToSend\*.jpg - (RSLT_) 
[COLLECT] ok: C:\Users\Administrator\Desktop\XG_Results_ToSend\*.jpeg - (RSLT_) 
[COLLECT] [2026/02/08  2:45:19.96] END 
================================================== 
[COLLECT] [2026/02/08 17:59:43.96] START 
[COLLECT] ok: C:\Users\Administrator\AppData\Roaming\MetaQuotes\Terminal\ED051E4A9BEE8A33BDDD0F947358B2B2\logs\*.log - (OPS_) 
[COLLECT] ok: C:\Users\Administrator\AppData\Roaming\MetaQuotes\Terminal\ED051E4A9BEE8A33BDDD0F947358B2B2\MQL5\Logs\*.log - (EA_) 
[COLLECT] ok: C:\Users\Administrator\Desktop\XG_Results_ToSend\*.html - (RSLT_) 
[COLLECT] ok: C:\Users\Administrator\Desktop\XG_Results_ToSend\*.htm - (RSLT_) 
[COLLECT] ok: C:\Users\Administrator\Desktop\XG_Results_ToSend\*.png - (RSLT_) 
[COLLECT] ok: C:\Users\Administrator\Desktop\XG_Results_ToSend\*.jpg - (RSLT_) 
[COLLECT] ok: C:\Users\Administrator\Desktop\XG_Results_ToSend\*.jpeg - (RSLT_) 
[COLLECT] [2026/02/08 17:59:48.28] END 
================================================== 
[COLLECT] [2026/02/08 22:45:56.55] START 
[COLLECT] ok: C:\Users\Administrator\AppData\Roaming\MetaQuotes\Terminal\ED051E4A9BEE8A33BDDD0F947358B2B2\logs\*.log - (OPS_) 
[COLLECT] ok: C:\Users\Administrator\AppData\Roaming\MetaQuotes\Terminal\ED051E4A9BEE8A33BDDD0F947358B2B2\MQL5\Logs\*.log - (EA_) 
[COLLECT] ok: C:\Users\Administrator\Desktop\XG_Results_ToSend\*.html - (RSLT_) 
[COLLECT] ok: C:\Users\Administrator\Desktop\XG_Results_ToSend\*.htm - (RSLT_) 
[COLLECT] ok: C:\Users\Administrator\Desktop\XG_Results_ToSend\*.png - (RSLT_) 
[COLLECT] ok: C:\Users\Administrator\Desktop\XG_Results_ToSend\*.jpg - (RSLT_) 
[COLLECT] ok: C:\Users\Administrator\Desktop\XG_Results_ToSend\*.jpeg - (RSLT_) 
[COLLECT] [2026/02/08 22:46:03.90] END 
================================================== 
[COLLECT] [2026/02/08 23:18:03.85] START 
[COLLECT] ok: C:\Users\Administrator\AppData\Roaming\MetaQuotes\Terminal\ED051E4A9BEE8A33BDDD0F947358B2B2\logs\*.log - (OPS_) 
[COLLECT] ok: C:\Users\Administrator\AppData\Roaming\MetaQuotes\Terminal\ED051E4A9BEE8A33BDDD0F947358B2B2\MQL5\Logs\*.log - (EA_) 
[COLLECT] ok: C:\Users\Administrator\Desktop\XG_Results_ToSend\*.html - (RSLT_) 
[COLLECT] ok: C:\Users\Administrator\Desktop\XG_Results_ToSend\*.htm - (RSLT_) 
[COLLECT] ok: C:\Users\Administrator\Desktop\XG_Results_ToSend\*.png - (RSLT_) 
[COLLECT] ok: C:\Users\Administrator\Desktop\XG_Results_ToSend\*.jpg - (RSLT_) 
[COLLECT] ok: C:\Users\Administrator\Desktop\XG_Results_ToSend\*.jpeg - (RSLT_) 
[COLLECT] [2026/02/08 23:18:08.00] END 
================================================== 
[COLLECT] [2026/02/08 23:24:06.45] START 
[COLLECT] ok(recent): C:\Users\Administrator\AppData\Roaming\MetaQuotes\Terminal\ED051E4A9BEE8A33BDDD0F947358B2B2\logs\*.log - (OPS_) 
[COLLECT] ok(recent): C:\Users\Administrator\AppData\Roaming\MetaQuotes\Terminal\ED051E4A9BEE8A33BDDD0F947358B2B2\MQL5\Logs\*.log - (EA_) 
[COLLECT] ok(all): C:\Users\Administrator\Desktop\XG_Results_ToSend\*.html - (RSLT_) 
[COLLECT] ok(all): C:\Users\Administrator\Desktop\XG_Results_ToSend\*.htm - (RSLT_) 
[COLLECT] ok(all): C:\Users\Administrator\Desktop\XG_Results_ToSend\*.png - (RSLT_) 
[COLLECT] ok(all): C:\Users\Administrator\Desktop\XG_Results_ToSend\*.jpg - (RSLT_) 
[COLLECT] ok(all): C:\Users\Administrator\Desktop\XG_Results_ToSend\*.jpeg - (RSLT_) 
[COLLECT] [2026/02/08 23:24:10.20] END 
