==================================================
[DIAG] [2026/02/09 11:09:53.79] START
---- git remote -v ----
origin	git@github.com:semi-independent/XG-log.git (fetch)
origin	git@github.com:semi-independent/XG-log.git (push)
---- git branch ----
* main
---- git status ----
On branch main
Your branch is ahead of 'origin/main' by 2 commits.
  (use "git push" to publish your local commits)

Untracked files:
  (use "git add <file>..." to include in what will be committed)
	_diag_send.bat
	_diag_send.log

nothing added to commit but untracked files present (use "git add" to track)
---- latest files in drop (top 30) ----
 ドライブ C のボリューム ラベルがありません。
 ボリューム シリアル番号は 6EA3-011E です

 C:\XG\repo\XG-log\drop のディレクトリ

ファイルが見つかりません
---- git diff --stat ----
---- git log (last 5) ----
[DIAG] [2026/02/09 11:09:54.92] END
