==================================================
[DIAG_ARCH] [2026/02/09 11:51:08.29] START
REPO=C:\XG\repo\XG-log
---- where am i ----
C:\XG\repo\XG-log
---- drop list (top 30) ----
 ドライブ C のボリューム ラベルがありません。
 ボリューム シリアル番号は 6EA3-011E です

 C:\XG\repo\XG-log\drop のディレクトリ

2026/02/09  11:47           666,356 RSLT_ReportHistory-20049725.html
2026/02/09  11:47             7,861 RSLT_ReportHistory-20049725.png
2026/02/07  18:19           156,992 OPS_20260207.log
2026/02/07  08:47           467,848 RSLT_2627.html
2026/02/07  08:47             7,002 RSLT_2627.png
2026/02/07  06:59           339,862 EA_20260207.log
2026/02/07  00:00           715,532 EA_20260206.log
2026/02/06  23:39           636,024 OPS_20260206.log
2026/02/05  23:59           449,990 EA_20260205.log
2026/02/05  23:42           214,590 OPS_20260205.log
2026/02/05  11:35           314,954 RSLT_251133.html
2026/02/05  11:35             6,298 RSLT_251133.png
2026/02/05  00:00           514,036 EA_20260204.log
2026/02/04  23:15           324,016 OPS_20260204.log
2026/02/04  22:14           496,128 RSLT_2214.html
2026/02/04  22:14             6,873 RSLT_2214.png
2026/02/03  23:59           474,768 EA_20260203.log
2026/02/03  23:55           174,298 OPS_20260203.log
2026/02/03  00:00         1,468,942 EA_20260202.log
2026/02/02  23:55         1,203,022 OPS_20260202.log
2026/02/01  23:44             1,620 EA_20260201.log
2026/02/01  23:44            13,476 OPS_20260201.log
2026/01/31  23:43        38,065,898 OPS_20260131.log
2026/01/31  23:41        29,835,964 EA_20260131.log
2026/01/31  00:00         5,139,210 EA_20260130.log
2026/01/30  23:36           598,564 OPS_20260130.log
2026/01/30  00:00         7,022,394 EA_20260129.log
2026/01/29  23:37           805,304 OPS_20260129.log
2026/01/28  23:59         1,098,280 OPS_20260128.log
2026/01/27  23:16           700,220 OPS_20260127.log
2026/01/26  23:01           457,074 OPS_20260126.log
2026/01/25  18:09             6,604 OPS_20260125.log
2026/01/24  22:51           129,554 OPS_20260124.log
2026/01/24  00:00           631,730 OPS_20260123.log
2026/01/22  23:45         1,059,184 OPS_20260122.log
2026/01/21  23:41         8,328,728 OPS_20260121.log
2026/01/20  23:54         8,291,920 OPS_20260120.log
2026/01/19  23:42           139,410 OPS_20260119.log
2026/01/18  18:08             8,100 OPS_20260118.log
2026/01/17  22:15         1,123,718 OPS_20260117.log
2026/01/16  23:47            34,206 OPS_20260116.log
2026/01/15  23:24            31,496 OPS_20260115.log
2026/01/14  23:43            31,712 OPS_20260114.log
2026/01/13  23:44            21,736 OPS_20260113.log
2026/01/12  23:29            18,172 OPS_20260112.log
2026/01/11  19:20             6,064 OPS_20260111.log
2026/01/10  19:13            12,732 OPS_20260110.log
2026/01/09  23:55           152,316 OPS_20260109.log
2026/01/08  23:56           173,082 OPS_20260108.log
2026/01/07  23:55           378,288 OPS_20260107.log
2026/01/06  23:58         1,326,810 OPS_20260106.log
2026/01/05  23:44           430,994 OPS_20260105.log
2026/01/04  20:51             8,346 OPS_20260104.log
2026/01/03  20:07             7,078 OPS_20260103.log
2026/01/02  22:14             8,078 OPS_20260102.log
2026/01/01  20:06             1,114 OPS_20260101.log
2025/12/31  20:07             4,754 OPS_20251231.log
2025/12/30  23:19             2,798 OPS_20251230.log
2025/12/29  21:09             3,954 OPS_20251229.log
2025/12/28  18:13             4,468 OPS_20251228.log
2025/12/27  23:08             3,742 OPS_20251227.log
2025/12/26  23:08             8,186 OPS_20251226.log
2025/12/25  23:08             1,930 OPS_20251225.log
2025/12/24  23:07             3,562 OPS_20251224.log
2025/12/23  23:07            15,878 OPS_20251223.log
2025/12/22  23:33           436,982 OPS_20251222.log
2025/12/21  23:07            14,450 OPS_20251221.log
2025/12/20  22:41             6,734 OPS_20251220.log
2025/12/19  23:37             5,196 OPS_20251219.log
2025/12/18  20:42             5,736 OPS_20251218.log
2025/12/17  22:40             2,856 OPS_20251217.log
2025/12/16  20:42             6,588 OPS_20251216.log
2025/12/15  20:42             2,684 OPS_20251215.log
2025/12/14  18:52            10,048 OPS_20251214.log
2025/12/13  22:58             3,710 OPS_20251213.log
2025/12/12  19:54             2,380 OPS_20251212.log
2025/12/11  21:46             1,114 OPS_20251211.log
2025/12/10  21:46             2,434 OPS_20251210.log
2025/12/09  20:11             3,474 OPS_20251209.log
2025/12/08  19:06             1,352 OPS_20251208.log
2025/12/07  22:37            10,980 OPS_20251207.log
2025/12/06  23:49             3,058 OPS_20251206.log
              82 個のファイル         115,313,616 バイト
               0 個のディレクトリ  79,104,888,832 バイトの空き領域

---- archive latest (top 10 folders) ----
 ドライブ C のボリューム ラベルがありません。
 ボリューム シリアル番号は 6EA3-011E です

 C:\XG\repo\XG-log\archive のディレクトリ

2026/02/09  11:51    <DIR>          ..
2026/02/09  11:19    <DIR>          2026-02-09_110532
2026/02/09  11:19    <DIR>          .
2026/02/09  11:19    <DIR>          2026-02-09_110302
2026/02/09  10:14    <DIR>          2026-02-09_101459
2026/02/09  09:43    <DIR>          2026-02-09_094345
2026/02/09  09:27    <DIR>          2026-02-09_092659
2026/02/09  09:21    <DIR>          2026-02-09_092154
2026/02/09  09:08    <DIR>          2026-02-09_090830
2026/02/08  23:24    <DIR>          2026-02-08_232433
2026/02/08  22:46    <DIR>          2026-02-08_224606
2026/02/08  17:59    <DIR>          2026-02-08_175950
2026/02/08  02:45    <DIR>          2026-02-08_024521
2026/02/08  01:41    <DIR>          2026-02-08_014117
2026/02/07  23:15    <DIR>          2026-02-07_231459
               0 個のファイル                   0 バイト
              15 個のディレクトリ  79,104,880,640 バイトの空き領域

---- git status ----
On branch main
Your branch is up to date with 'origin/main'.

Changes not staged for commit:
  (use "git add/rm <file>..." to update what will be committed)
  (use "git restore <file>..." to discard changes in working directory)
	modified:   XG-log_send.bat
	modified:   _collect.log
	deleted:    _diag_send.bat
	deleted:    _diag_send.log
	deleted:    _force_send.bat
	deleted:    _force_send.log

Untracked files:
  (use "git add <file>..." to include in what will be committed)
	XG-log_cleanup_temp.bat
	XG-log_diag_archive.bat
	_cleanup_temp.log
	_diag_archive.log

no changes added to commit (use "git add" and/or "git commit -a")
---- git remote -v ----
origin	git@github.com:semi-independent/XG-log.git (fetch)
origin	git@github.com:semi-independent/XG-log.git (push)
---- git log (last 8) ----
8260b85 (HEAD -> main, origin/main, origin/HEAD) auto send 2026-02-09_111140
fb2f964 log: 2026-02-09_110532
0a129e9 log: 2026-02-09_110302
5e2b9f4 Add files via upload
841b0fa Add files via upload
190ffd9 log: 2026-02-09_101459
de13cb8 log: 2026-02-09_094345
41409cc log: 2026-02-09_092659
---- last commit touching archive ----
fb2f964 log: 2026-02-09_110532
0a129e9 log: 2026-02-09_110302
190ffd9 log: 2026-02-09_101459
de13cb8 log: 2026-02-09_094345
41409cc log: 2026-02-09_092659
---- origin/main vs local ----
8260b85827b50544377c5ef45b26ef5bce38a30f
8260b85827b50544377c5ef45b26ef5bce38a30f
[DIAG_ARCH] [2026/02/09 11:51:11.99] END
OK: _diag_archive.log 繧定ｦ九※
