================================================== 
[2026/02/07 23:00:58.09] START TS=2026-02-07_230058 

-------------------------------------------------------------------------------
   ROBOCOPY     ::     Windows の堅牢性の高いファイル コピー                              
-------------------------------------------------------------------------------

  開始: 2026年2月7日 23:00:58
   コピー元 : C:\XG\repo\XG-log\drop\
     コピー先 : C:\XG\repo\XG-log\archive\2026-02-07_230058\

    ファイル: *.log
	    
  オプション: /NDL /NFL /DCOPY:DAT /COPY:DAT /NP /R:20 /W:2 

------------------------------------------------------------------------------


------------------------------------------------------------------------------

                  合計     コピー済み      スキップ       不一致        失敗    Extras
   ディレクトリ:         1         0         1         0         0         0
     ファイル:         0         0         0         0         0         0
      バイト:         0         0         0         0         0         0
       時刻:   0:00:00   0:00:00                       0:00:00   0:00:00
   終了: 2026年2月7日 23:00:58

[2026/02/07 23:00:58.21] robocopy OK mask=*.log rc=0 

-------------------------------------------------------------------------------
   ROBOCOPY     ::     Windows の堅牢性の高いファイル コピー                              
-------------------------------------------------------------------------------

  開始: 2026年2月7日 23:00:58
   コピー元 : C:\XG\repo\XG-log\drop\
     コピー先 : C:\XG\repo\XG-log\archive\2026-02-07_230058\

    ファイル: *.txt
	    
  オプション: /NDL /NFL /DCOPY:DAT /COPY:DAT /NP /R:20 /W:2 

------------------------------------------------------------------------------


------------------------------------------------------------------------------

                  合計     コピー済み      スキップ       不一致        失敗    Extras
   ディレクトリ:         1         0         1         0         0         0
     ファイル:         1         1         0         0         0         0
      バイト:         0         0         0         0         0         0
       時刻:   0:00:00   0:00:00                       0:00:00   0:00:00
   終了: 2026年2月7日 23:00:58

[2026/02/07 23:00:58.30] robocopy OK mask=*.txt rc=1 

-------------------------------------------------------------------------------
   ROBOCOPY     ::     Windows の堅牢性の高いファイル コピー                              
-------------------------------------------------------------------------------

  開始: 2026年2月7日 23:00:58
   コピー元 : C:\XG\repo\XG-log\drop\
     コピー先 : C:\XG\repo\XG-log\archive\2026-02-07_230058\

    ファイル: *.html
	    
  オプション: /NDL /NFL /DCOPY:DAT /COPY:DAT /NP /R:20 /W:2 

------------------------------------------------------------------------------


------------------------------------------------------------------------------

                  合計     コピー済み      スキップ       不一致        失敗    Extras
   ディレクトリ:         1         0         1         0         0         0
     ファイル:         0         0         0         0         0         0
      バイト:         0         0         0         0         0         0
       時刻:   0:00:00   0:00:00                       0:00:00   0:00:00
   終了: 2026年2月7日 23:00:58

[2026/02/07 23:00:58.39] robocopy OK mask=*.html rc=0 

-------------------------------------------------------------------------------
   ROBOCOPY     ::     Windows の堅牢性の高いファイル コピー                              
-------------------------------------------------------------------------------

  開始: 2026年2月7日 23:00:58
   コピー元 : C:\XG\repo\XG-log\drop\
     コピー先 : C:\XG\repo\XG-log\archive\2026-02-07_230058\

    ファイル: *.png
	    
  オプション: /NDL /NFL /DCOPY:DAT /COPY:DAT /NP /R:20 /W:2 

------------------------------------------------------------------------------


------------------------------------------------------------------------------

                  合計     コピー済み      スキップ       不一致        失敗    Extras
   ディレクトリ:         1         0         1         0         0         0
     ファイル:         0         0         0         0         0         0
      バイト:         0         0         0         0         0         0
       時刻:   0:00:00   0:00:00                       0:00:00   0:00:00
   終了: 2026年2月7日 23:00:58

[2026/02/07 23:00:58.48] robocopy OK mask=*.png rc=0 

-------------------------------------------------------------------------------
   ROBOCOPY     ::     Windows の堅牢性の高いファイル コピー                              
-------------------------------------------------------------------------------

  開始: 2026年2月7日 23:00:58
   コピー元 : C:\XG\repo\XG-log\drop\
     コピー先 : C:\XG\repo\XG-log\archive\2026-02-07_230058\

    ファイル: *.jpg
	    
  オプション: /NDL /NFL /DCOPY:DAT /COPY:DAT /NP /R:20 /W:2 

------------------------------------------------------------------------------


------------------------------------------------------------------------------

                  合計     コピー済み      スキップ       不一致        失敗    Extras
   ディレクトリ:         1         0         1         0         0         0
     ファイル:         0         0         0         0         0         0
      バイト:         0         0         0         0         0         0
       時刻:   0:00:00   0:00:00                       0:00:00   0:00:00
   終了: 2026年2月7日 23:00:58

[2026/02/07 23:00:58.56] robocopy OK mask=*.jpg rc=0 

-------------------------------------------------------------------------------
   ROBOCOPY     ::     Windows の堅牢性の高いファイル コピー                              
-------------------------------------------------------------------------------

  開始: 2026年2月7日 23:00:58
   コピー元 : C:\XG\repo\XG-log\drop\
     コピー先 : C:\XG\repo\XG-log\archive\2026-02-07_230058\

    ファイル: *.jpeg
	    
  オプション: /NDL /NFL /DCOPY:DAT /COPY:DAT /NP /R:20 /W:2 

------------------------------------------------------------------------------


------------------------------------------------------------------------------

                  合計     コピー済み      スキップ       不一致        失敗    Extras
   ディレクトリ:         1         0         1         0         0         0
     ファイル:         0         0         0         0         0         0
      バイト:         0         0         0         0         0         0
       時刻:   0:00:00   0:00:00                       0:00:00   0:00:00
   終了: 2026年2月7日 23:00:58

[2026/02/07 23:00:58.65] robocopy OK mask=*.jpeg rc=0 
[2026/02/07 23:07:33.73] Another send is running. 
================================================== 
[V2_DIAG] [2026/02/07 23:15:00.09] START TS=2026-02-07_231459 
[V2_DIAG] robocopy /MOV start 

-------------------------------------------------------------------------------
   ROBOCOPY     ::     Windows の堅牢性の高いファイル コピー                              
-------------------------------------------------------------------------------

  開始: 2026年2月7日 23:15:00
   コピー元 : C:\XG\repo\XG-log\drop\
     コピー先 : C:\XG\repo\XG-log\archive\2026-02-07_231459\

    ファイル: *.log
	    *.txt
	    *.html
	    *.png
	    *.jpg
	    *.jpeg
	    
  オプション: /NDL /NFL /DCOPY:DAT /COPY:DAT /MOV /NP /R:20 /W:2 

------------------------------------------------------------------------------


------------------------------------------------------------------------------

                  合計     コピー済み      スキップ       不一致        失敗    Extras
   ディレクトリ:         1         0         1         0         0         0
     ファイル:         1         1         0         0         0         0
      バイト:         0         0         0         0         0         0
       時刻:   0:00:00   0:00:00                       0:00:00   0:00:00
   終了: 2026年2月7日 23:15:00

[V2_DIAG] robocopy rc=1 
[V2_DIAG] MOVE DONE 
